This file contains any messages produced by compilers while
running configure, to aid debugging if configure makes a mistake.

It was created by libhello configure 1.0, which was
generated by GNU Autoconf 2.71.  Invocation command line was

  $ ../configure --prefix=/home/johnnyzaet/Desktop/CE5303-Embedded_Systems/Taller_4/libhello/build/usr/

## --------- ##
## Platform. ##
## --------- ##

hostname = Kali
uname -m = x86_64
uname -r = 6.3.0-kali1-amd64
uname -s = Linux
uname -v = #1 SMP PREEMPT_DYNAMIC Debian 6.3.7-1kali1 (2023-06-29)

/usr/bin/uname -p = unknown
/bin/uname -X     = unknown

/bin/arch              = x86_64
/usr/bin/arch -k       = unknown
/usr/convex/getsysinfo = unknown
/usr/bin/hostinfo      = unknown
/bin/machine           = unknown
/usr/bin/oslevel       = unknown
/bin/universe          = unknown

PATH: /home/johnnyzaet/.local/bin/
PATH: /usr/local/sbin/
PATH: /usr/sbin/
PATH: /sbin/
PATH: /usr/local/bin/
PATH: /usr/bin/
PATH: /bin/
PATH: /usr/local/games/
PATH: /usr/games/
PATH: /home/johnnyzaet/.dotnet/tools/


## ----------- ##
## Core tests. ##
## ----------- ##

configure:2354: looking for aux files: config.guess config.sub ltmain.sh ar-lib compile missing install-sh
configure:2367:  trying ../build-aux/
configure:2396:   ../build-aux/config.guess found
configure:2396:   ../build-aux/config.sub found
configure:2396:   ../build-aux/ltmain.sh found
configure:2396:   ../build-aux/ar-lib found
configure:2396:   ../build-aux/compile found
configure:2396:   ../build-aux/missing found
configure:2378:   ../build-aux/install-sh found
configure:2527: checking for a BSD-compatible install
configure:2600: result: /usr/bin/install -c
configure:2611: checking whether build environment is sane
configure:2666: result: yes
configure:2825: checking for a race-free mkdir -p
configure:2869: result: /usr/bin/mkdir -p
configure:2876: checking for gawk
configure:2897: found /usr/bin/gawk
configure:2908: result: gawk
configure:2919: checking whether make sets $(MAKE)
configure:2942: result: yes
configure:2972: checking whether make supports nested variables
configure:2990: result: yes
configure:3188: checking for gcc
configure:3209: found /usr/bin/gcc
configure:3220: result: gcc
configure:3573: checking for C compiler version
configure:3582: gcc --version >&5
gcc (Debian 13.2.0-2) 13.2.0
Copyright (C) 2023 Free Software Foundation, Inc.
This is free software; see the source for copying conditions.  There is NO
warranty; not even for MERCHANTABILITY or FITNESS FOR A PARTICULAR PURPOSE.

configure:3593: $? = 0
configure:3582: gcc -v >&5
Using built-in specs.
COLLECT_GCC=gcc
COLLECT_LTO_WRAPPER=/usr/libexec/gcc/x86_64-linux-gnu/13/lto-wrapper
OFFLOAD_TARGET_NAMES=nvptx-none:amdgcn-amdhsa
OFFLOAD_TARGET_DEFAULT=1
Target: x86_64-linux-gnu
Configured with: ../src/configure -v --with-pkgversion='Debian 13.2.0-2' --with-bugurl=file:///usr/share/doc/gcc-13/README.Bugs --enable-languages=c,ada,c++,go,d,fortran,objc,obj-c++,m2 --prefix=/usr --with-gcc-major-version-only --program-suffix=-13 --program-prefix=x86_64-linux-gnu- --enable-shared --enable-linker-build-id --libexecdir=/usr/libexec --without-included-gettext --enable-threads=posix --libdir=/usr/lib --enable-nls --enable-bootstrap --enable-clocale=gnu --enable-libstdcxx-debug --enable-libstdcxx-time=yes --with-default-libstdcxx-abi=new --enable-gnu-unique-object --disable-vtable-verify --enable-plugin --enable-default-pie --with-system-zlib --enable-libphobos-checking=release --with-target-system-zlib=auto --enable-objc-gc=auto --enable-multiarch --disable-werror --enable-cet --with-arch-32=i686 --with-abi=m64 --with-multilib-list=m32,m64,mx32 --enable-multilib --with-tune=generic --enable-offload-targets=nvptx-none=/build/reproducible-path/gcc-13-13.2.0/debian/tmp-nvptx/usr,amdgcn-amdhsa=/build/reproducible-path/gcc-13-13.2.0/debian/tmp-gcn/usr --enable-offload-defaulted --without-cuda-driver --enable-checking=release --build=x86_64-linux-gnu --host=x86_64-linux-gnu --target=x86_64-linux-gnu --with-build-config=bootstrap-lto-lean --enable-link-serialization=2
Thread model: posix
Supported LTO compression algorithms: zlib zstd
gcc version 13.2.0 (Debian 13.2.0-2) 
... rest of stderr output deleted ...
configure:3593: $? = 0
configure:3582: gcc -V >&5
gcc: error: unrecognized command-line option '-V'
gcc: fatal error: no input files
compilation terminated.
configure:3593: $? = 1
configure:3582: gcc -qversion >&5
gcc: error: unrecognized command-line option '-qversion'; did you mean '--version'?
gcc: fatal error: no input files
compilation terminated.
configure:3593: $? = 1
configure:3582: gcc -version >&5
gcc: error: unrecognized command-line option '-version'
gcc: fatal error: no input files
compilation terminated.
configure:3593: $? = 1
configure:3613: checking whether the C compiler works
configure:3635: gcc    conftest.c  >&5
configure:3639: $? = 0
configure:3689: result: yes
configure:3692: checking for C compiler default output file name
configure:3694: result: a.out
configure:3700: checking for suffix of executables
configure:3707: gcc -o conftest    conftest.c  >&5
configure:3711: $? = 0
configure:3734: result: 
configure:3756: checking whether we are cross compiling
configure:3764: gcc -o conftest    conftest.c  >&5
configure:3768: $? = 0
configure:3775: ./conftest
configure:3779: $? = 0
configure:3794: result: no
configure:3799: checking for suffix of object files
configure:3822: gcc -c   conftest.c >&5
configure:3826: $? = 0
configure:3848: result: o
configure:3852: checking whether the compiler supports GNU C
configure:3872: gcc -c   conftest.c >&5
configure:3872: $? = 0
configure:3882: result: yes
configure:3893: checking whether gcc accepts -g
configure:3914: gcc -c -g  conftest.c >&5
configure:3914: $? = 0
configure:3958: result: yes
configure:3978: checking for gcc option to enable C11 features
configure:3993: gcc  -c -g -O2  conftest.c >&5
configure:3993: $? = 0
configure:4011: result: none needed
configure:4127: checking whether gcc understands -c and -o together
configure:4150: gcc -c conftest.c -o conftest2.o
configure:4153: $? = 0
configure:4150: gcc -c conftest.c -o conftest2.o
configure:4153: $? = 0
configure:4165: result: yes
configure:4185: checking whether make supports the include directive
configure:4200: make -f confmf.GNU && cat confinc.out
this is the am__doit target
configure:4203: $? = 0
configure:4222: result: yes (GNU style)
configure:4248: checking dependency style of gcc
configure:4360: result: gcc3
configure:4431: checking for ar
configure:4452: found /usr/bin/ar
configure:4463: result: ar
configure:4489: checking the archiver (ar) interface
configure:4506: gcc -c -g -O2  conftest.c >&5
configure:4506: $? = 0
configure:4509: ar cru libconftest.a conftest.o >&5
ar: `u' modifier ignored since `D' is the default (see `U')
configure:4512: $? = 0
configure:4540: result: ar
configure:4592: checking build system type
configure:4607: result: x86_64-pc-linux-gnu
configure:4627: checking host system type
configure:4641: result: x86_64-pc-linux-gnu
configure:4682: checking how to print strings
configure:4709: result: printf
configure:4730: checking for a sed that does not truncate output
configure:4800: result: /usr/bin/sed
configure:4818: checking for grep that handles long lines and -e
configure:4882: result: /usr/bin/grep
configure:4887: checking for egrep
configure:4955: result: /usr/bin/grep -E
configure:4960: checking for fgrep
configure:5028: result: /usr/bin/grep -F
configure:5064: checking for ld used by gcc
configure:5132: result: /usr/bin/ld
configure:5139: checking if the linker (/usr/bin/ld) is GNU ld
configure:5155: result: yes
configure:5167: checking for BSD- or MS-compatible name lister (nm)
configure:5222: result: /usr/bin/nm -B
configure:5362: checking the name lister (/usr/bin/nm -B) interface
configure:5370: gcc -c -g -O2  conftest.c >&5
configure:5373: /usr/bin/nm -B "conftest.o"
configure:5376: output
0000000000000000 B some_variable
configure:5383: result: BSD nm
configure:5386: checking whether ln -s works
configure:5390: result: yes
configure:5398: checking the maximum length of command line arguments
configure:5530: result: 1572864
configure:5578: checking how to convert x86_64-pc-linux-gnu file names to x86_64-pc-linux-gnu format
configure:5619: result: func_convert_file_noop
configure:5626: checking how to convert x86_64-pc-linux-gnu file names to toolchain format
configure:5647: result: func_convert_file_noop
configure:5654: checking for /usr/bin/ld option to reload object files
configure:5662: result: -r
configure:5741: checking for file
configure:5762: found /usr/bin/file
configure:5773: result: file
configure:5849: checking for objdump
configure:5870: found /usr/bin/objdump
configure:5881: result: objdump
configure:5913: checking how to recognize dependent libraries
configure:6114: result: pass_all
configure:6204: checking for dlltool
configure:6239: result: no
configure:6269: checking how to associate runtime and link libraries
configure:6297: result: printf %s\n
configure:6447: checking for archiver @FILE support
configure:6465: gcc -c -g -O2  conftest.c >&5
configure:6465: $? = 0
configure:6469: ar cr libconftest.a @conftest.lst >&5
configure:6472: $? = 0
configure:6477: ar cr libconftest.a @conftest.lst >&5
ar: conftest.o: No such file or directory
configure:6480: $? = 1
configure:6492: result: @
configure:6555: checking for strip
configure:6576: found /usr/bin/strip
configure:6587: result: strip
configure:6664: checking for ranlib
configure:6685: found /usr/bin/ranlib
configure:6696: result: ranlib
configure:6798: checking command to parse /usr/bin/nm -B output from gcc object
configure:6952: gcc -c -g -O2  conftest.c >&5
configure:6955: $? = 0
configure:6959: /usr/bin/nm -B conftest.o | /usr/bin/sed -n -e 's/^.*[	 ]\([ABCDGIRSTW][ABCDGIRSTW]*\)[	 ][	 ]*\([_A-Za-z][_A-Za-z0-9]*\)$/\1 \2 \2/p' | /usr/bin/sed '/ __gnu_lto/d' > conftest.nm
configure:7025: gcc -o conftest -g -O2   conftest.c conftstm.o >&5
configure:7028: $? = 0
configure:7066: result: ok
configure:7113: checking for sysroot
configure:7144: result: no
configure:7151: checking for a working dd
configure:7195: result: /usr/bin/dd
configure:7199: checking how to truncate binary pipes
configure:7215: result: /usr/bin/dd bs=4096 count=1
configure:7352: gcc -c -g -O2  conftest.c >&5
configure:7355: $? = 0
configure:7552: checking for mt
configure:7573: found /usr/bin/mt
configure:7584: result: mt
configure:7607: checking if mt is a manifest tool
configure:7614: mt '-?'
configure:7622: result: no
configure:8347: checking for stdio.h
configure:8347: gcc -c -g -O2  conftest.c >&5
configure:8347: $? = 0
configure:8347: result: yes
configure:8347: checking for stdlib.h
configure:8347: gcc -c -g -O2  conftest.c >&5
configure:8347: $? = 0
configure:8347: result: yes
configure:8347: checking for string.h
configure:8347: gcc -c -g -O2  conftest.c >&5
configure:8347: $? = 0
configure:8347: result: yes
configure:8347: checking for inttypes.h
configure:8347: gcc -c -g -O2  conftest.c >&5
configure:8347: $? = 0
configure:8347: result: yes
configure:8347: checking for stdint.h
configure:8347: gcc -c -g -O2  conftest.c >&5
configure:8347: $? = 0
configure:8347: result: yes
configure:8347: checking for strings.h
configure:8347: gcc -c -g -O2  conftest.c >&5
configure:8347: $? = 0
configure:8347: result: yes
configure:8347: checking for sys/stat.h
configure:8347: gcc -c -g -O2  conftest.c >&5
configure:8347: $? = 0
configure:8347: result: yes
configure:8347: checking for sys/types.h
configure:8347: gcc -c -g -O2  conftest.c >&5
configure:8347: $? = 0
configure:8347: result: yes
configure:8347: checking for unistd.h
configure:8347: gcc -c -g -O2  conftest.c >&5
configure:8347: $? = 0
configure:8347: result: yes
configure:8372: checking for dlfcn.h
configure:8372: gcc -c -g -O2  conftest.c >&5
configure:8372: $? = 0
configure:8372: result: yes
configure:8631: checking for objdir
configure:8647: result: .libs
configure:8911: checking if gcc supports -fno-rtti -fno-exceptions
configure:8930: gcc -c -g -O2  -fno-rtti -fno-exceptions conftest.c >&5
cc1: warning: command-line option '-fno-rtti' is valid for C++/D/ObjC++ but not for C
configure:8934: $? = 0
configure:8947: result: no
configure:9311: checking for gcc option to produce PIC
configure:9319: result: -fPIC -DPIC
configure:9327: checking if gcc PIC flag -fPIC -DPIC works
configure:9346: gcc -c -g -O2  -fPIC -DPIC -DPIC conftest.c >&5
configure:9350: $? = 0
configure:9363: result: yes
configure:9392: checking if gcc static flag -static works
configure:9421: result: yes
configure:9436: checking if gcc supports -c -o file.o
configure:9458: gcc -c -g -O2  -o out/conftest2.o conftest.c >&5
configure:9462: $? = 0
configure:9484: result: yes
configure:9492: checking if gcc supports -c -o file.o
configure:9540: result: yes
configure:9573: checking whether the gcc linker (/usr/bin/ld -m elf_x86_64) supports shared libraries
configure:10847: result: yes
configure:10884: checking whether -lc should be explicitly linked in
configure:10893: gcc -c -g -O2  conftest.c >&5
configure:10896: $? = 0
configure:10911: gcc -shared  -fPIC -DPIC conftest.o  -v -Wl,-soname -Wl,conftest -o conftest 2\>\&1 \| /usr/bin/grep  -lc  \>/dev/null 2\>\&1
configure:10914: $? = 0
configure:10928: result: no
configure:11088: checking dynamic linker characteristics
configure:11670: gcc -o conftest -g -O2   -Wl,-rpath -Wl,/foo conftest.c  >&5
configure:11670: $? = 0
configure:11921: result: GNU/Linux ld.so
configure:12043: checking how to hardcode library paths into programs
configure:12068: result: immediate
configure:12620: checking whether stripping libraries is possible
configure:12629: result: yes
configure:12671: checking if libtool supports shared libraries
configure:12673: result: yes
configure:12676: checking whether to build shared libraries
configure:12701: result: yes
configure:12704: checking whether to build static libraries
configure:12708: result: yes
configure:12850: checking that generated files are newer than configure
configure:12856: result: done
configure:12879: creating ./config.status

## ---------------------- ##
## Running config.status. ##
## ---------------------- ##

This file was extended by libhello config.status 1.0, which was
generated by GNU Autoconf 2.71.  Invocation command line was

  CONFIG_FILES    = 
  CONFIG_HEADERS  = 
  CONFIG_LINKS    = 
  CONFIG_COMMANDS = 
  $ ./config.status 

on Kali

config.status:1084: creating Makefile
config.status:1084: creating lib/Makefile
config.status:1084: creating src/Makefile
config.status:1084: creating config.h
config.status:1298: executing depfiles commands
config.status:1375: cd lib       && sed -e '/# am--include-marker/d' Makefile         | make -f - am--depfiles
config.status:1380: $? = 0
config.status:1375: cd src       && sed -e '/# am--include-marker/d' Makefile         | make -f - am--depfiles
config.status:1380: $? = 0
config.status:1298: executing libtool commands

## ---------------- ##
## Cache variables. ##
## ---------------- ##

ac_cv_build=x86_64-pc-linux-gnu
ac_cv_c_compiler_gnu=yes
ac_cv_env_CC_set=
ac_cv_env_CC_value=
ac_cv_env_CFLAGS_set=
ac_cv_env_CFLAGS_value=
ac_cv_env_CPPFLAGS_set=
ac_cv_env_CPPFLAGS_value=
ac_cv_env_LDFLAGS_set=
ac_cv_env_LDFLAGS_value=
ac_cv_env_LIBS_set=
ac_cv_env_LIBS_value=
ac_cv_env_LT_SYS_LIBRARY_PATH_set=
ac_cv_env_LT_SYS_LIBRARY_PATH_value=
ac_cv_env_build_alias_set=
ac_cv_env_build_alias_value=
ac_cv_env_host_alias_set=
ac_cv_env_host_alias_value=
ac_cv_env_target_alias_set=
ac_cv_env_target_alias_value=
ac_cv_header_dlfcn_h=yes
ac_cv_header_inttypes_h=yes
ac_cv_header_stdint_h=yes
ac_cv_header_stdio_h=yes
ac_cv_header_stdlib_h=yes
ac_cv_header_string_h=yes
ac_cv_header_strings_h=yes
ac_cv_header_sys_stat_h=yes
ac_cv_header_sys_types_h=yes
ac_cv_header_unistd_h=yes
ac_cv_host=x86_64-pc-linux-gnu
ac_cv_objext=o
ac_cv_path_EGREP='/usr/bin/grep -E'
ac_cv_path_FGREP='/usr/bin/grep -F'
ac_cv_path_GREP=/usr/bin/grep
ac_cv_path_SED=/usr/bin/sed
ac_cv_path_install='/usr/bin/install -c'
ac_cv_path_lt_DD=/usr/bin/dd
ac_cv_path_mkdir=/usr/bin/mkdir
ac_cv_prog_AWK=gawk
ac_cv_prog_ac_ct_AR=ar
ac_cv_prog_ac_ct_CC=gcc
ac_cv_prog_ac_ct_FILECMD=file
ac_cv_prog_ac_ct_MANIFEST_TOOL=mt
ac_cv_prog_ac_ct_OBJDUMP=objdump
ac_cv_prog_ac_ct_RANLIB=ranlib
ac_cv_prog_ac_ct_STRIP=strip
ac_cv_prog_cc_c11=
ac_cv_prog_cc_g=yes
ac_cv_prog_cc_stdc=
ac_cv_prog_make_make_set=yes
am_cv_CC_dependencies_compiler_type=gcc3
am_cv_ar_interface=ar
am_cv_make_support_nested_variables=yes
am_cv_prog_cc_c_o=yes
lt_cv_ar_at_file=@
lt_cv_archive_cmds_need_lc=no
lt_cv_deplibs_check_method=pass_all
lt_cv_file_magic_cmd='$MAGIC_CMD'
lt_cv_file_magic_test_file=
lt_cv_ld_reload_flag=-r
lt_cv_nm_interface='BSD nm'
lt_cv_objdir=.libs
lt_cv_path_LD=/usr/bin/ld
lt_cv_path_NM='/usr/bin/nm -B'
lt_cv_path_mainfest_tool=no
lt_cv_prog_compiler_c_o=yes
lt_cv_prog_compiler_pic='-fPIC -DPIC'
lt_cv_prog_compiler_pic_works=yes
lt_cv_prog_compiler_rtti_exceptions=no
lt_cv_prog_compiler_static_works=yes
lt_cv_prog_gnu_ld=yes
lt_cv_sharedlib_from_linklib_cmd='printf %s\n'
lt_cv_shlibpath_overrides_runpath=yes
lt_cv_sys_global_symbol_pipe='/usr/bin/sed -n -e '\''s/^.*[	 ]\([ABCDGIRSTW][ABCDGIRSTW]*\)[	 ][	 ]*\([_A-Za-z][_A-Za-z0-9]*\)$/\1 \2 \2/p'\'' | /usr/bin/sed '\''/ __gnu_lto/d'\'''
lt_cv_sys_global_symbol_to_c_name_address='/usr/bin/sed -n -e '\''s/^: \(.*\) .*$/  {"\1", (void *) 0},/p'\'' -e '\''s/^[ABCDGIRSTW][ABCDGIRSTW]* .* \(.*\)$/  {"\1", (void *) \&\1},/p'\'''
lt_cv_sys_global_symbol_to_c_name_address_lib_prefix='/usr/bin/sed -n -e '\''s/^: \(.*\) .*$/  {"\1", (void *) 0},/p'\'' -e '\''s/^[ABCDGIRSTW][ABCDGIRSTW]* .* \(lib.*\)$/  {"\1", (void *) \&\1},/p'\'' -e '\''s/^[ABCDGIRSTW][ABCDGIRSTW]* .* \(.*\)$/  {"lib\1", (void *) \&\1},/p'\'''
lt_cv_sys_global_symbol_to_cdecl='/usr/bin/sed -n -e '\''s/^T .* \(.*\)$/extern int \1();/p'\'' -e '\''s/^[ABCDGIRSTW][ABCDGIRSTW]* .* \(.*\)$/extern char \1;/p'\'''
lt_cv_sys_global_symbol_to_import=
lt_cv_sys_max_cmd_len=1572864
lt_cv_to_host_file_cmd=func_convert_file_noop
lt_cv_to_tool_file_cmd=func_convert_file_noop
lt_cv_truncate_bin='/usr/bin/dd bs=4096 count=1'

## ----------------- ##
## Output variables. ##
## ----------------- ##

ACLOCAL='${SHELL} '\''/home/johnnyzaet/Desktop/CE5303-Embedded_Systems/Taller_4/libhello/build-aux/missing'\'' aclocal-1.16'
AMDEPBACKSLASH='\'
AMDEP_FALSE='#'
AMDEP_TRUE=''
AMTAR='$${TAR-tar}'
AM_BACKSLASH='\'
AM_DEFAULT_V='$(AM_DEFAULT_VERBOSITY)'
AM_DEFAULT_VERBOSITY='1'
AM_V='$(V)'
AR='ar'
AUTOCONF='${SHELL} '\''/home/johnnyzaet/Desktop/CE5303-Embedded_Systems/Taller_4/libhello/build-aux/missing'\'' autoconf'
AUTOHEADER='${SHELL} '\''/home/johnnyzaet/Desktop/CE5303-Embedded_Systems/Taller_4/libhello/build-aux/missing'\'' autoheader'
AUTOMAKE='${SHELL} '\''/home/johnnyzaet/Desktop/CE5303-Embedded_Systems/Taller_4/libhello/build-aux/missing'\'' automake-1.16'
AWK='gawk'
CC='gcc'
CCDEPMODE='depmode=gcc3'
CFLAGS='-g -O2'
CPPFLAGS=''
CSCOPE='cscope'
CTAGS='ctags'
CYGPATH_W='echo'
DEFS='-DHAVE_CONFIG_H'
DEPDIR='.deps'
DLLTOOL='false'
DSYMUTIL=''
DUMPBIN=''
ECHO_C=''
ECHO_N='-n'
ECHO_T=''
EGREP='/usr/bin/grep -E'
ETAGS='etags'
EXEEXT=''
FGREP='/usr/bin/grep -F'
FILECMD='file'
GREP='/usr/bin/grep'
INSTALL_DATA='${INSTALL} -m 644'
INSTALL_PROGRAM='${INSTALL}'
INSTALL_SCRIPT='${INSTALL}'
INSTALL_STRIP_PROGRAM='$(install_sh) -c -s'
LD='/usr/bin/ld -m elf_x86_64'
LDFLAGS=''
LIBOBJS=''
LIBS=''
LIBTOOL='$(SHELL) $(top_builddir)/libtool'
LIPO=''
LN_S='ln -s'
LTLIBOBJS=''
LT_SYS_LIBRARY_PATH=''
MAKEINFO='${SHELL} '\''/home/johnnyzaet/Desktop/CE5303-Embedded_Systems/Taller_4/libhello/build-aux/missing'\'' makeinfo'
MANIFEST_TOOL=':'
MKDIR_P='/usr/bin/mkdir -p'
NM='/usr/bin/nm -B'
NMEDIT=''
OBJDUMP='objdump'
OBJEXT='o'
OTOOL64=''
OTOOL=''
PACKAGE='libhello'
PACKAGE_BUGREPORT='mail@emailprovider'
PACKAGE_NAME='libhello'
PACKAGE_STRING='libhello 1.0'
PACKAGE_TARNAME='libhello'
PACKAGE_URL=''
PACKAGE_VERSION='1.0'
PATH_SEPARATOR=':'
RANLIB='ranlib'
SED='/usr/bin/sed'
SET_MAKE=''
SHELL='/bin/bash'
STRIP='strip'
VERSION='1.0'
ac_ct_AR='ar'
ac_ct_CC='gcc'
ac_ct_DUMPBIN=''
am__EXEEXT_FALSE=''
am__EXEEXT_TRUE='#'
am__fastdepCC_FALSE='#'
am__fastdepCC_TRUE=''
am__include='include'
am__isrc=' -I$(srcdir)'
am__leading_dot='.'
am__nodep='_no'
am__quote=''
am__tar='$${TAR-tar} chof - "$$tardir"'
am__untar='$${TAR-tar} xf -'
bindir='${exec_prefix}/bin'
build='x86_64-pc-linux-gnu'
build_alias=''
build_cpu='x86_64'
build_os='linux-gnu'
build_vendor='pc'
datadir='${datarootdir}'
datarootdir='${prefix}/share'
docdir='${datarootdir}/doc/${PACKAGE_TARNAME}'
dvidir='${docdir}'
exec_prefix='${prefix}'
host='x86_64-pc-linux-gnu'
host_alias=''
host_cpu='x86_64'
host_os='linux-gnu'
host_vendor='pc'
htmldir='${docdir}'
includedir='${prefix}/include'
infodir='${datarootdir}/info'
install_sh='${SHELL} /home/johnnyzaet/Desktop/CE5303-Embedded_Systems/Taller_4/libhello/build-aux/install-sh'
libdir='${exec_prefix}/lib'
libexecdir='${exec_prefix}/libexec'
localedir='${datarootdir}/locale'
localstatedir='${prefix}/var'
mandir='${datarootdir}/man'
mkdir_p='$(MKDIR_P)'
oldincludedir='/usr/include'
pdfdir='${docdir}'
prefix='/home/johnnyzaet/Desktop/CE5303-Embedded_Systems/Taller_4/libhello/build/usr'
program_transform_name='s,x,x,'
psdir='${docdir}'
runstatedir='${localstatedir}/run'
sbindir='${exec_prefix}/sbin'
sharedstatedir='${prefix}/com'
sysconfdir='${prefix}/etc'
target_alias=''

## ----------- ##
## confdefs.h. ##
## ----------- ##

/* confdefs.h */
#define PACKAGE_NAME "libhello"
#define PACKAGE_TARNAME "libhello"
#define PACKAGE_VERSION "1.0"
#define PACKAGE_STRING "libhello 1.0"
#define PACKAGE_BUGREPORT "mail@emailprovider"
#define PACKAGE_URL ""
#define PACKAGE "libhello"
#define VERSION "1.0"
#define HAVE_STDIO_H 1
#define HAVE_STDLIB_H 1
#define HAVE_STRING_H 1
#define HAVE_INTTYPES_H 1
#define HAVE_STDINT_H 1
#define HAVE_STRINGS_H 1
#define HAVE_SYS_STAT_H 1
#define HAVE_SYS_TYPES_H 1
#define HAVE_UNISTD_H 1
#define STDC_HEADERS 1
#define HAVE_DLFCN_H 1
#define LT_OBJDIR ".libs/"

configure: exit 0
